<?xml version="1.0" encoding="UTF-8"?>
<testng-results ignored="0" total="1" passed="1" failed="0" skipped="0">
  <reporter-output>
  </reporter-output>
  <suite started-at="2023-10-24T18:48:38 IST" name="Default suite" finished-at="2023-10-24T18:49:01 IST" duration-ms="22971">
    <groups>
    </groups>
    <test started-at="2023-10-24T18:48:38 IST" name="Default test" finished-at="2023-10-24T18:49:01 IST" duration-ms="22971">
      <class name="testSample.firstScenario">
        <test-method is-config="true" signature="setup()[pri:0, instance:testSample.firstScenario@39ad977d]" started-at="2023-10-24T18:48:38 IST" name="setup" finished-at="2023-10-24T18:48:40 IST" duration-ms="2271" status="PASS">
          <reporter-output>
          </reporter-output>
        </test-method> <!-- setup -->
        <test-method signature="test()[pri:0, instance:testSample.firstScenario@39ad977d]" started-at="2023-10-24T18:48:40 IST" name="test" finished-at="2023-10-24T18:49:01 IST" duration-ms="20386" status="PASS">
          <reporter-output>
          </reporter-output>
        </test-method> <!-- test -->
        <test-method is-config="true" signature="teardown()[pri:0, instance:testSample.firstScenario@39ad977d]" started-at="2023-10-24T18:49:01 IST" name="teardown" finished-at="2023-10-24T18:49:01 IST" duration-ms="255" status="PASS">
          <reporter-output>
          </reporter-output>
        </test-method> <!-- teardown -->
      </class> <!-- testSample.firstScenario -->
    </test> <!-- Default test -->
  </suite> <!-- Default suite -->
</testng-results>
